0 info it worked if it ends with ok
1 verbose cli [ 'C:\\Program Files\\nodejs\\\\node.exe',
1 verbose cli   'C:\\Program Files\\nodejs\\node_modules\\npm\\bin\\npm-cli.js',
1 verbose cli   'install' ]
2 info using npm@1.4.28
3 info using node@v0.10.36
4 verbose node symlink C:\Program Files\nodejs\\node.exe
5 verbose readDependencies using package.json deps
6 verbose install where, deps [ 'D:\\Training\\Todos\\MEAN\\client',
6 verbose install   [ 'angular',
6 verbose install     'todomvc-common',
6 verbose install     'todomvc-app-css',
6 verbose install     'angular-route',
6 verbose install     'angular-mocks',
6 verbose install     'karma' ] ]
7 info preinstall @
8 verbose readDependencies using package.json deps
9 verbose already installed skipping angular@^1.4.1 D:\Training\Todos\MEAN\client
10 verbose already installed skipping todomvc-common@^1.0.0 D:\Training\Todos\MEAN\client
11 verbose already installed skipping todomvc-app-css@^1.0.1 D:\Training\Todos\MEAN\client
12 verbose already installed skipping angular-route@^1.3.12 D:\Training\Todos\MEAN\client
13 verbose cache add [ 'angular-mocks@^1.3.12', null ]
14 verbose cache add name=undefined spec="angular-mocks@^1.3.12" args=["angular-mocks@^1.3.12",null]
15 verbose parsed url { protocol: null,
15 verbose parsed url   slashes: null,
15 verbose parsed url   auth: null,
15 verbose parsed url   host: null,
15 verbose parsed url   port: null,
15 verbose parsed url   hostname: null,
15 verbose parsed url   hash: null,
15 verbose parsed url   search: null,
15 verbose parsed url   query: null,
15 verbose parsed url   pathname: 'angular-mocks@^1.3.12',
15 verbose parsed url   path: 'angular-mocks@^1.3.12',
15 verbose parsed url   href: 'angular-mocks@^1.3.12' }
16 verbose cache add [ 'karma@^0.10.0', null ]
17 verbose cache add name=undefined spec="karma@^0.10.0" args=["karma@^0.10.0",null]
18 verbose parsed url { protocol: null,
18 verbose parsed url   slashes: null,
18 verbose parsed url   auth: null,
18 verbose parsed url   host: null,
18 verbose parsed url   port: null,
18 verbose parsed url   hostname: null,
18 verbose parsed url   hash: null,
18 verbose parsed url   search: null,
18 verbose parsed url   query: null,
18 verbose parsed url   pathname: 'karma@^0.10.0',
18 verbose parsed url   path: 'karma@^0.10.0',
18 verbose parsed url   href: 'karma@^0.10.0' }
19 verbose cache add name="angular-mocks" spec="^1.3.12" args=["angular-mocks","^1.3.12"]
20 verbose parsed url { protocol: null,
20 verbose parsed url   slashes: null,
20 verbose parsed url   auth: null,
20 verbose parsed url   host: null,
20 verbose parsed url   port: null,
20 verbose parsed url   hostname: null,
20 verbose parsed url   hash: null,
20 verbose parsed url   search: null,
20 verbose parsed url   query: null,
20 verbose parsed url   pathname: '^1.3.12',
20 verbose parsed url   path: '^1.3.12',
20 verbose parsed url   href: '^1.3.12' }
21 verbose addNamed [ 'angular-mocks', '^1.3.12' ]
22 verbose addNamed [ null, '>=1.3.12-0 <2.0.0-0' ]
23 verbose cache add name="karma" spec="^0.10.0" args=["karma","^0.10.0"]
24 verbose parsed url { protocol: null,
24 verbose parsed url   slashes: null,
24 verbose parsed url   auth: null,
24 verbose parsed url   host: null,
24 verbose parsed url   port: null,
24 verbose parsed url   hostname: null,
24 verbose parsed url   hash: null,
24 verbose parsed url   search: null,
24 verbose parsed url   query: null,
24 verbose parsed url   pathname: '^0.10.0',
24 verbose parsed url   path: '^0.10.0',
24 verbose parsed url   href: '^0.10.0' }
25 verbose addNamed [ 'karma', '^0.10.0' ]
26 verbose addNamed [ null, '>=0.10.0-0 <0.11.0-0' ]
27 silly lockFile 74e1b560-angular-mocks-1-3-12 angular-mocks@^1.3.12
28 verbose lock angular-mocks@^1.3.12 C:\Users\vmnhat\AppData\Roaming\npm-cache\74e1b560-angular-mocks-1-3-12.lock
29 silly lockFile 37434a1a-karma-0-10-0 karma@^0.10.0
30 verbose lock karma@^0.10.0 C:\Users\vmnhat\AppData\Roaming\npm-cache\37434a1a-karma-0-10-0.lock
31 silly addNameRange { name: 'angular-mocks',
31 silly addNameRange   range: '>=1.3.12-0 <2.0.0-0',
31 silly addNameRange   hasData: false }
32 silly addNameRange { name: 'karma', range: '>=0.10.0-0 <0.11.0-0', hasData: false }
33 verbose request where is /angular-mocks
34 verbose request registry https://registry.npmjs.org/
35 verbose request id 58e113392b71207b
36 verbose url raw /angular-mocks
37 verbose url resolving [ 'https://registry.npmjs.org/', './angular-mocks' ]
38 verbose url resolved https://registry.npmjs.org/angular-mocks
39 verbose request where is https://registry.npmjs.org/angular-mocks
40 info trying registry request attempt 1 at 09:44:37
41 http GET https://registry.npmjs.org/angular-mocks
42 verbose request where is /karma
43 verbose request registry https://registry.npmjs.org/
44 verbose url raw /karma
45 verbose url resolving [ 'https://registry.npmjs.org/', './karma' ]
46 verbose url resolved https://registry.npmjs.org/karma
47 verbose request where is https://registry.npmjs.org/karma
48 info trying registry request attempt 1 at 09:44:37
49 verbose etag "19C9LXUZUB46JYRC3M6MAJXW0"
50 http GET https://registry.npmjs.org/karma
51 http 200 https://registry.npmjs.org/angular-mocks
52 silly registry.get cb [ 200,
52 silly registry.get   { server: 'CouchDB/1.5.0 (Erlang OTP/R16B03)',
52 silly registry.get     etag: '"8UCZZRVD4XLULDYN1E9BZDJ2Q"',
52 silly registry.get     'content-type': 'application/json',
52 silly registry.get     'cache-control': 'max-age=60',
52 silly registry.get     'content-length': '50678',
52 silly registry.get     'accept-ranges': 'bytes',
52 silly registry.get     date: 'Fri, 17 Jul 2015 02:44:37 GMT',
52 silly registry.get     via: '1.1 varnish',
52 silly registry.get     age: '0',
52 silly registry.get     connection: 'keep-alive',
52 silly registry.get     'x-served-by': 'cache-lax1422-LAX',
52 silly registry.get     'x-cache': 'HIT',
52 silly registry.get     'x-cache-hits': '1',
52 silly registry.get     'x-timer': 'S1437101077.791354,VS0,VE44',
52 silly registry.get     vary: 'Accept' } ]
53 silly addNameRange number 2 { name: 'angular-mocks',
53 silly addNameRange   range: '>=1.3.12-0 <2.0.0-0',
53 silly addNameRange   hasData: true }
54 silly addNameRange versions [ 'angular-mocks',
54 silly addNameRange   [ '1.2.18',
54 silly addNameRange     '1.2.19',
54 silly addNameRange     '1.2.20',
54 silly addNameRange     '1.2.21',
54 silly addNameRange     '1.2.22',
54 silly addNameRange     '1.2.25',
54 silly addNameRange     '1.3.0-rc.5',
54 silly addNameRange     '1.3.0',
54 silly addNameRange     '1.3.1',
54 silly addNameRange     '1.3.2',
54 silly addNameRange     '1.3.3',
54 silly addNameRange     '1.3.4-build.3588',
54 silly addNameRange     '1.2.27',
54 silly addNameRange     '1.3.4',
54 silly addNameRange     '1.3.5',
54 silly addNameRange     '1.3.6',
54 silly addNameRange     '1.3.7',
54 silly addNameRange     '1.2.28',
54 silly addNameRange     '1.3.8',
54 silly addNameRange     '1.4.0-beta.0',
54 silly addNameRange     '1.3.9',
54 silly addNameRange     '1.3.10',
54 silly addNameRange     '1.4.0-beta.1',
54 silly addNameRange     '1.4.0-beta.2',
54 silly addNameRange     '1.3.11',
54 silly addNameRange     '1.4.0-beta.3',
54 silly addNameRange     '1.3.12',
54 silly addNameRange     '1.3.13',
54 silly addNameRange     '1.4.0-beta.4',
54 silly addNameRange     '1.3.14',
54 silly addNameRange     '1.4.0-beta.5',
54 silly addNameRange     '1.4.0-beta.6',
54 silly addNameRange     '1.3.15',
54 silly addNameRange     '1.4.0-rc.0',
54 silly addNameRange     '1.4.0-rc.1',
54 silly addNameRange     '1.4.0-rc.2',
54 silly addNameRange     '1.4.0',
54 silly addNameRange     '1.3.16',
54 silly addNameRange     '1.4.1',
54 silly addNameRange     '1.4.2',
54 silly addNameRange     '1.3.17',
54 silly addNameRange     '1.4.3' ] ]
55 verbose addNamed [ 'angular-mocks', '1.4.3' ]
56 verbose addNamed [ '1.4.3', '1.4.3' ]
57 silly lockFile fb5a1625-angular-mocks-1-4-3 angular-mocks@1.4.3
58 verbose lock angular-mocks@1.4.3 C:\Users\vmnhat\AppData\Roaming\npm-cache\fb5a1625-angular-mocks-1-4-3.lock
59 silly lockFile a88bc94a-ar-mocks-angular-mocks-1-4-3-tgz https://registry.npmjs.org/angular-mocks/-/angular-mocks-1.4.3.tgz
60 verbose lock https://registry.npmjs.org/angular-mocks/-/angular-mocks-1.4.3.tgz C:\Users\vmnhat\AppData\Roaming\npm-cache\a88bc94a-ar-mocks-angular-mocks-1-4-3-tgz.lock
61 verbose addRemoteTarball [ 'https://registry.npmjs.org/angular-mocks/-/angular-mocks-1.4.3.tgz',
61 verbose addRemoteTarball   'a681db73926110b2ac6fb006c17d467fdaad0703' ]
62 info retry fetch attempt 1 at 09:44:38
63 verbose fetch to= C:\Users\vmnhat\AppData\Local\Temp\npm-868-bnIUaoiE\registry.npmjs.org\angular-mocks\-\angular-mocks-1.4.3.tgz
64 http GET https://registry.npmjs.org/angular-mocks/-/angular-mocks-1.4.3.tgz
65 http 200 https://registry.npmjs.org/angular-mocks/-/angular-mocks-1.4.3.tgz
66 silly lockFile a88bc94a-ar-mocks-angular-mocks-1-4-3-tgz https://registry.npmjs.org/angular-mocks/-/angular-mocks-1.4.3.tgz
67 silly lockFile a88bc94a-ar-mocks-angular-mocks-1-4-3-tgz https://registry.npmjs.org/angular-mocks/-/angular-mocks-1.4.3.tgz
68 silly lockFile fb5a1625-angular-mocks-1-4-3 angular-mocks@1.4.3
69 silly lockFile fb5a1625-angular-mocks-1-4-3 angular-mocks@1.4.3
70 silly lockFile 74e1b560-angular-mocks-1-3-12 angular-mocks@^1.3.12
71 silly lockFile 74e1b560-angular-mocks-1-3-12 angular-mocks@^1.3.12
72 http 200 https://registry.npmjs.org/karma
73 silly registry.get cb [ 200,
73 silly registry.get   { server: 'CouchDB/1.5.0 (Erlang OTP/R16B03)',
73 silly registry.get     etag: '"3UTXTGWXVWA1B7RLDPGNS1P9S"',
73 silly registry.get     'content-type': 'application/json',
73 silly registry.get     'cache-control': 'max-age=60',
73 silly registry.get     'content-length': '899352',
73 silly registry.get     'accept-ranges': 'bytes',
73 silly registry.get     date: 'Fri, 17 Jul 2015 02:44:37 GMT',
73 silly registry.get     via: '1.1 varnish',
73 silly registry.get     age: '58',
73 silly registry.get     connection: 'keep-alive',
73 silly registry.get     'x-served-by': 'cache-lax1426-LAX',
73 silly registry.get     'x-cache': 'HIT',
73 silly registry.get     'x-cache-hits': '1',
73 silly registry.get     'x-timer': 'S1437101077.777538,VS0,VE4',
73 silly registry.get     vary: 'Accept' } ]
74 silly addNameRange number 2 { name: 'karma', range: '>=0.10.0-0 <0.11.0-0', hasData: true }
75 silly addNameRange versions [ 'karma',
75 silly addNameRange   [ '0.8.0',
75 silly addNameRange     '0.9.0-dart',
75 silly addNameRange     '0.8.1',
75 silly addNameRange     '0.8.2',
75 silly addNameRange     '0.8.3',
75 silly addNameRange     '0.9.0',
75 silly addNameRange     '0.8.4',
75 silly addNameRange     '0.9.1',
75 silly addNameRange     '0.8.5',
75 silly addNameRange     '0.9.2',
75 silly addNameRange     '0.9.2-dart',
75 silly addNameRange     '0.9.3',
75 silly addNameRange     '0.8.6',
75 silly addNameRange     '0.9.4',
75 silly addNameRange     '0.8.7',
75 silly addNameRange     '0.9.5',
75 silly addNameRange     '0.9.6',
75 silly addNameRange     '0.8.8',
75 silly addNameRange     '0.9.7',
75 silly addNameRange     '0.9.8',
75 silly addNameRange     '0.10.0',
75 silly addNameRange     '0.10.1',
75 silly addNameRange     '0.10.2',
75 silly addNameRange     '0.11.0',
75 silly addNameRange     '0.11.1',
75 silly addNameRange     '0.10.3',
75 silly addNameRange     '0.10.4',
75 silly addNameRange     '0.11.2',
75 silly addNameRange     '0.11.3',
75 silly addNameRange     '0.10.5',
75 silly addNameRange     '0.11.4',
75 silly addNameRange     '0.11.5',
75 silly addNameRange     '0.10.6',
75 silly addNameRange     '0.11.6',
75 silly addNameRange     '0.10.7',
75 silly addNameRange     '0.11.7',
75 silly addNameRange     '0.11.8',
75 silly addNameRange     '0.11.9',
75 silly addNameRange     '0.10.8',
75 silly addNameRange     '0.11.10',
75 silly addNameRange     '0.11.11',
75 silly addNameRange     '0.11.12',
75 silly addNameRange     '0.11.11-dev',
75 silly addNameRange     '0.10.9',
75 silly addNameRange     '0.11.12-dev',
75 silly addNameRange     '0.11.12-dev2',
75 silly addNameRange     '0.11.13',
75 silly addNameRange     '0.11.14',
75 silly addNameRange     '0.12.0',
75 silly addNameRange     '0.10.10',
75 silly addNameRange     '0.12.1',
75 silly addNameRange     '0.12.2',
75 silly addNameRange     '0.12.3',
75 silly addNameRange     '0.12.4',
75 silly addNameRange     '0.12.5',
75 silly addNameRange     '0.12.6',
75 silly addNameRange     '0.12.6-beta-43e6e28',
75 silly addNameRange     '0.12.7',
75 silly addNameRange     '0.12.8',
75 silly addNameRange     '0.12.9',
75 silly addNameRange     '0.12.10',
75 silly addNameRange     '0.12.11',
75 silly addNameRange     '0.12.12',
75 silly addNameRange     '0.12.11-beta-3029418',
75 silly addNameRange     '0.12.13',
75 silly addNameRange     '0.12.14',
75 silly addNameRange     '0.12.15',
75 silly addNameRange     '0.12.16',
75 silly addNameRange     '0.12.16-beta-905422d',
75 silly addNameRange     '0.12.17',
75 silly addNameRange     '0.12.18',
75 silly addNameRange     '0.12.19',
75 silly addNameRange     '0.12.20',
75 silly addNameRange     '0.12.21',
75 silly addNameRange     '0.12.22',
75 silly addNameRange     '0.12.23',
75 silly addNameRange     '0.12.24',
75 silly addNameRange     '0.12.24-beta-6cf7955',
75 silly addNameRange     '0.12.25',
75 silly addNameRange     '0.12.25-beta-37a7958',
75 silly addNameRange     '0.12.25-beta-ad5bc24',
75 silly addNameRange     '0.12.26',
75 silly addNameRange     '0.12.27',
75 silly addNameRange     '0.12.28',
75 silly addNameRange     '0.12.28-beta-b9be580',
75 silly addNameRange     '0.12.29',
75 silly addNameRange     '0.12.30',
75 silly addNameRange     '0.12.31',
75 silly addNameRange     '0.12.28-beta-f65c864',
75 silly addNameRange     '0.12.24-dev-test',
75 silly addNameRange     '0.12.24-dev-socketio10',
75 silly addNameRange     '0.12.24-dev-socketio10-2',
75 silly addNameRange     '0.12.32-beta.0',
75 silly addNameRange     '0.12.32',
75 silly addNameRange     '0.13.0-rc.0',
75 silly addNameRange     '0.12.33',
75 silly addNameRange     '0.13.0-rc.1',
75 silly addNameRange     '0.12.34',
75 silly addNameRange     '0.13.0-rc.2',
75 silly addNameRange     '0.12.35',
75 silly addNameRange     '0.13.0-rc.3',
75 silly addNameRange     '0.12.36',
75 silly addNameRange     '0.13.0-rc.4',
75 silly addNameRange     '0.12.37',
75 silly addNameRange     '0.13.0-rc.5',
75 silly addNameRange     '0.13.0-rc.6',
75 silly addNameRange     '0.13.0-rc.7',
75 silly addNameRange     '0.13.0-rc.8',
75 silly addNameRange     '0.13.0-rc.9',
75 silly addNameRange     '0.13.0',
75 silly addNameRange     '0.13.1' ] ]
76 verbose addNamed [ 'karma', '0.10.10' ]
77 verbose addNamed [ '0.10.10', '0.10.10' ]
78 silly lockFile f40119e0-karma-0-10-10 karma@0.10.10
79 verbose lock karma@0.10.10 C:\Users\vmnhat\AppData\Roaming\npm-cache\f40119e0-karma-0-10-10.lock
80 silly lockFile 75a3376e-pmjs-org-karma-karma-0-10-10-tgz https://registry.npmjs.org/karma/-/karma-0.10.10.tgz
81 verbose lock https://registry.npmjs.org/karma/-/karma-0.10.10.tgz C:\Users\vmnhat\AppData\Roaming\npm-cache\75a3376e-pmjs-org-karma-karma-0-10-10-tgz.lock
82 verbose addRemoteTarball [ 'https://registry.npmjs.org/karma/-/karma-0.10.10.tgz',
82 verbose addRemoteTarball   '137f4aad0fbe5854e73e8c1eb293c0e540825a49' ]
83 info retry fetch attempt 1 at 09:44:40
84 verbose fetch to= C:\Users\vmnhat\AppData\Local\Temp\npm-868-bnIUaoiE\registry.npmjs.org\karma\-\karma-0.10.10.tgz
85 http GET https://registry.npmjs.org/karma/-/karma-0.10.10.tgz
86 http 200 https://registry.npmjs.org/karma/-/karma-0.10.10.tgz
87 silly lockFile 75a3376e-pmjs-org-karma-karma-0-10-10-tgz https://registry.npmjs.org/karma/-/karma-0.10.10.tgz
88 silly lockFile 75a3376e-pmjs-org-karma-karma-0-10-10-tgz https://registry.npmjs.org/karma/-/karma-0.10.10.tgz
89 silly lockFile f40119e0-karma-0-10-10 karma@0.10.10
90 silly lockFile f40119e0-karma-0-10-10 karma@0.10.10
91 silly lockFile 37434a1a-karma-0-10-0 karma@^0.10.0
92 silly lockFile 37434a1a-karma-0-10-0 karma@^0.10.0
93 silly resolved [ { name: 'angular-mocks',
93 silly resolved     version: '1.4.3',
93 silly resolved     description: 'AngularJS mocks for testing',
93 silly resolved     main: 'angular-mocks.js',
93 silly resolved     scripts: { test: 'echo "Error: no test specified" && exit 1' },
93 silly resolved     repository:
93 silly resolved      { type: 'git',
93 silly resolved        url: 'https://github.com/angular/angular.js.git' },
93 silly resolved     keywords:
93 silly resolved      [ 'angular',
93 silly resolved        'framework',
93 silly resolved        'browser',
93 silly resolved        'mocks',
93 silly resolved        'testing',
93 silly resolved        'client-side' ],
93 silly resolved     author:
93 silly resolved      { name: 'Angular Core Team',
93 silly resolved        email: 'angular-core+npm@google.com' },
93 silly resolved     license: 'MIT',
93 silly resolved     bugs: { url: 'https://github.com/angular/angular.js/issues' },
93 silly resolved     homepage: 'http://angularjs.org',
93 silly resolved     gitHead: '7e3beec84afceeb060a3c6def0d7ca965727851c',
93 silly resolved     _id: 'angular-mocks@1.4.3',
93 silly resolved     _shasum: 'a681db73926110b2ac6fb006c17d467fdaad0703',
93 silly resolved     _from: 'angular-mocks@^1.3.12',
93 silly resolved     _npmVersion: '2.0.2',
93 silly resolved     _nodeVersion: '0.10.26',
93 silly resolved     _npmUser: { name: 'angularcore', email: 'angular-core+npm@google.com' },
93 silly resolved     maintainers: [ [Object], [Object], [Object] ],
93 silly resolved     dist:
93 silly resolved      { shasum: 'a681db73926110b2ac6fb006c17d467fdaad0703',
93 silly resolved        tarball: 'http://registry.npmjs.org/angular-mocks/-/angular-mocks-1.4.3.tgz' },
93 silly resolved     directories: {},
93 silly resolved     _resolved: 'https://registry.npmjs.org/angular-mocks/-/angular-mocks-1.4.3.tgz' },
93 silly resolved   { name: 'karma',
93 silly resolved     description: 'Spectacular Test Runner for JavaScript.',
93 silly resolved     homepage: 'http://karma-runner.github.io/',
93 silly resolved     repository: { type: 'git', url: 'git://github.com/karma-runner/karma.git' },
93 silly resolved     bugs: { url: 'https://github.com/karma-runner/karma/issues' },
93 silly resolved     keywords:
93 silly resolved      [ 'karma',
93 silly resolved        'spectacular',
93 silly resolved        'runner',
93 silly resolved        'karma',
93 silly resolved        'js',
93 silly resolved        'javascript',
93 silly resolved        'testing',
93 silly resolved        'test',
93 silly resolved        'remote',
93 silly resolved        'execution' ],
93 silly resolved     author: { name: 'Vojta Jína', email: 'vojta.jina@gmail.com' },
93 silly resolved     contributors:
93 silly resolved      [ [Object],
93 silly resolved        [Object],
93 silly resolved        [Object],
93 silly resolved        [Object],
93 silly resolved        [Object],
93 silly resolved        [Object],
93 silly resolved        [Object],
93 silly resolved        [Object],
93 silly resolved        [Object],
93 silly resolved        [Object],
93 silly resolved        [Object],
93 silly resolved        [Object],
93 silly resolved        [Object],
93 silly resolved        [Object],
93 silly resolved        [Object],
93 silly resolved        [Object],
93 silly resolved        [Object],
93 silly resolved        [Object],
93 silly resolved        [Object],
93 silly resolved        [Object],
93 silly resolved        [Object],
93 silly resolved        [Object],
93 silly resolved        [Object],
93 silly resolved        [Object],
93 silly resolved        [Object],
93 silly resolved        [Object],
93 silly resolved        [Object],
93 silly resolved        [Object],
93 silly resolved        [Object],
93 silly resolved        [Object],
93 silly resolved        [Object],
93 silly resolved        [Object],
93 silly resolved        [Object],
93 silly resolved        [Object],
93 silly resolved        [Object],
93 silly resolved        [Object],
93 silly resolved        [Object],
93 silly resolved        [Object],
93 silly resolved        [Object],
93 silly resolved        [Object],
93 silly resolved        [Object],
93 silly resolved        [Object],
93 silly resolved        [Object],
93 silly resolved        [Object],
93 silly resolved        [Object],
93 silly resolved        [Object],
93 silly resolved        [Object],
93 silly resolved        [Object],
93 silly resolved        [Object],
93 silly resolved        [Object],
93 silly resolved        [Object],
93 silly resolved        [Object],
93 silly resolved        [Object],
93 silly resolved        [Object],
93 silly resolved        [Object],
93 silly resolved        [Object],
93 silly resolved        [Object],
93 silly resolved        [Object],
93 silly resolved        [Object],
93 silly resolved        [Object],
93 silly resolved        [Object],
93 silly resolved        [Object],
93 silly resolved        [Object],
93 silly resolved        [Object],
93 silly resolved        [Object],
93 silly resolved        [Object],
93 silly resolved        [Object],
93 silly resolved        [Object],
93 silly resolved        [Object],
93 silly resolved        [Object],
93 silly resolved        [Object],
93 silly resolved        [Object] ],
93 silly resolved     dependencies:
93 silly resolved      { di: '~0.0.1',
93 silly resolved        'socket.io': '~0.9.13',
93 silly resolved        chokidar: '~0.8.0',
93 silly resolved        glob: '~3.1.21',
93 silly resolved        minimatch: '~0.2',
93 silly resolved        'http-proxy': '~0.10',
93 silly resolved        optimist: '~0.3',
93 silly resolved        'coffee-script': '~1.6',
93 silly resolved        rimraf: '~2.1',
93 silly resolved        q: '~0.9',
93 silly resolved        colors: '0.6.0-1',
93 silly resolved        lodash: '~1.1',
93 silly resolved        mime: '~1.2',
93 silly resolved        log4js: '~0.6.3',
93 silly resolved        useragent: '~2.0.4',
93 silly resolved        'graceful-fs': '~1.2.1',
93 silly resolved        connect: '~2.8.4' },
93 silly resolved     peerDependencies:
93 silly resolved      { 'karma-jasmine': '~0.1.0',
93 silly resolved        'karma-requirejs': '~0.2.0',
93 silly resolved        'karma-coffee-preprocessor': '~0.1.0',
93 silly resolved        'karma-html2js-preprocessor': '~0.1.0',
93 silly resolved        'karma-chrome-launcher': '~0.1.0',
93 silly resolved        'karma-firefox-launcher': '~0.1.0',
93 silly resolved        'karma-phantomjs-launcher': '~0.1.0',
93 silly resolved        'karma-script-launcher': '~0.1.0' },
93 silly resolved     devDependencies:
93 silly resolved      { grunt: '~0.4',
93 silly resolved        'grunt-simple-mocha': 'git://github.com/yaymukund/grunt-simple-mocha.git',
93 silly resolved        'grunt-contrib-jshint': '~0.3',
93 silly resolved        'grunt-coffeelint': '~0.0.6',
93 silly resolved        'grunt-npm': '~0.0.1',
93 silly resolved        'grunt-bump': '~0.0.10',
93 silly resolved        'grunt-conventional-changelog': '~1.0.0',
93 silly resolved        'grunt-auto-release': '~0.0.3',
93 silly resolved        mocks: '~0.0.10',
93 silly resolved        which: '~1.0',
93 silly resolved        'sinon-chai': '~2.3',
93 silly resolved        chai: '~1.5',
93 silly resolved        mocha: '~1.8',
93 silly resolved        sinon: '~1.6',
93 silly resolved        'timer-shim': '~0.2',
93 silly resolved        'chai-as-promised': '~3.2',
93 silly resolved        qq: '~0.3',
93 silly resolved        'karma-jasmine': '*',
93 silly resolved        'karma-mocha': '*',
93 silly resolved        'karma-qunit': '*',
93 silly resolved        'karma-coverage': '*',
93 silly resolved        'karma-requirejs': '*',
93 silly resolved        'karma-growl-reporter': '*',
93 silly resolved        'karma-junit-reporter': '*',
93 silly resolved        'karma-chrome-launcher': '*',
93 silly resolved        'karma-firefox-launcher': '*',
93 silly resolved        'karma-sauce-launcher': '*',
93 silly resolved        'karma-phantomjs-launcher': '*',
93 silly resolved        'karma-ng-scenario': '*',
93 silly resolved        'karma-coffee-preprocessor': '*',
93 silly resolved        'karma-html2js-preprocessor': '*',
93 silly resolved        'karma-browserstack-launcher': 'git://github.com/karma-runner/karma-browserstack-launcher.git',
93 silly resolved        semver: '~1.1.4',
93 silly resolved        'grunt-contrib-watch': '~0.5.0' },
93 silly resolved     main: './lib/index',
93 silly resolved     bin: { karma: './bin/karma' },
93 silly resolved     engines: { node: '~0.8 || ~0.10' },
93 silly resolved     version: '0.10.10',
93 silly resolved     _id: 'karma@0.10.10',
93 silly resolved     dist:
93 silly resolved      { shasum: '137f4aad0fbe5854e73e8c1eb293c0e540825a49',
93 silly resolved        tarball: 'http://registry.npmjs.org/karma/-/karma-0.10.10.tgz' },
93 silly resolved     _from: 'karma@^0.10.0',
93 silly resolved     _npmVersion: '1.3.21',
93 silly resolved     _npmUser: { name: 'vojtajina', email: 'vojta.jina@gmail.com' },
93 silly resolved     maintainers: [ [Object] ],
93 silly resolved     directories: {},
93 silly resolved     _shasum: '137f4aad0fbe5854e73e8c1eb293c0e540825a49',
93 silly resolved     _resolved: 'https://registry.npmjs.org/karma/-/karma-0.10.10.tgz' } ]
94 info install angular-mocks@1.4.3 into D:\Training\Todos\MEAN\client
95 info install karma@0.10.10 into D:\Training\Todos\MEAN\client
96 info installOne angular-mocks@1.4.3
97 info installOne karma@0.10.10
98 verbose node_modules\angular-mocks unbuild
99 verbose node_modules\karma unbuild
100 verbose tar unpack C:\Users\vmnhat\AppData\Roaming\npm-cache\angular-mocks\1.4.3\package.tgz
101 silly lockFile 31e1d2ae-lient-node-modules-angular-mocks tar://D:\Training\Todos\MEAN\client\node_modules\angular-mocks
102 verbose lock tar://D:\Training\Todos\MEAN\client\node_modules\angular-mocks C:\Users\vmnhat\AppData\Roaming\npm-cache\31e1d2ae-lient-node-modules-angular-mocks.lock
103 silly lockFile ea309868--angular-mocks-1-4-3-package-tgz tar://C:\Users\vmnhat\AppData\Roaming\npm-cache\angular-mocks\1.4.3\package.tgz
104 verbose lock tar://C:\Users\vmnhat\AppData\Roaming\npm-cache\angular-mocks\1.4.3\package.tgz C:\Users\vmnhat\AppData\Roaming\npm-cache\ea309868--angular-mocks-1-4-3-package-tgz.lock
105 verbose tar unpack C:\Users\vmnhat\AppData\Roaming\npm-cache\karma\0.10.10\package.tgz
106 silly lockFile a414816f-s-MEAN-client-node-modules-karma tar://D:\Training\Todos\MEAN\client\node_modules\karma
107 verbose lock tar://D:\Training\Todos\MEAN\client\node_modules\karma C:\Users\vmnhat\AppData\Roaming\npm-cache\a414816f-s-MEAN-client-node-modules-karma.lock
108 silly lockFile e367b04f--cache-karma-0-10-10-package-tgz tar://C:\Users\vmnhat\AppData\Roaming\npm-cache\karma\0.10.10\package.tgz
109 verbose lock tar://C:\Users\vmnhat\AppData\Roaming\npm-cache\karma\0.10.10\package.tgz C:\Users\vmnhat\AppData\Roaming\npm-cache\e367b04f--cache-karma-0-10-10-package-tgz.lock
110 silly gunzTarPerm modes [ '777', '666' ]
111 silly gunzTarPerm modes [ '777', '666' ]
112 silly gunzTarPerm extractEntry package.json
113 silly gunzTarPerm modified mode [ 'package.json', 420, 438 ]
114 silly gunzTarPerm extractEntry package.json
115 silly gunzTarPerm modified mode [ 'package.json', 420, 438 ]
116 silly gunzTarPerm extractEntry README.md
117 silly gunzTarPerm modified mode [ 'README.md', 420, 438 ]
118 silly gunzTarPerm extractEntry angular-mocks.js
119 silly gunzTarPerm modified mode [ 'angular-mocks.js', 420, 438 ]
120 silly gunzTarPerm extractEntry README.md
121 silly gunzTarPerm modified mode [ 'README.md', 420, 438 ]
122 silly gunzTarPerm extractEntry LICENSE
123 silly gunzTarPerm modified mode [ 'LICENSE', 420, 438 ]
124 silly gunzTarPerm extractEntry ngAnimateMock.js
125 silly gunzTarPerm modified mode [ 'ngAnimateMock.js', 420, 438 ]
126 silly gunzTarPerm extractEntry config.tpl.js
127 silly gunzTarPerm modified mode [ 'config.tpl.js', 420, 438 ]
128 silly gunzTarPerm extractEntry karma-completion.sh
129 silly gunzTarPerm modified mode [ 'karma-completion.sh', 420, 438 ]
130 silly gunzTarPerm extractEntry ngMock.js
131 silly gunzTarPerm modified mode [ 'ngMock.js', 420, 438 ]
132 silly gunzTarPerm extractEntry ngMockE2E.js
133 silly gunzTarPerm modified mode [ 'ngMockE2E.js', 420, 438 ]
134 silly gunzTarPerm extractEntry bower.json
135 silly gunzTarPerm modified mode [ 'bower.json', 420, 438 ]
136 silly gunzTarPerm extractEntry CHANGELOG.md
137 silly gunzTarPerm modified mode [ 'CHANGELOG.md', 420, 438 ]
138 silly gunzTarPerm extractEntry bin/karma
139 silly gunzTarPerm modified mode [ 'bin/karma', 493, 511 ]
140 silly gunzTarPerm extractEntry lib/browser.js
141 silly gunzTarPerm modified mode [ 'lib/browser.js', 420, 438 ]
142 silly gunzTarPerm extractEntry lib/executor.js
143 silly gunzTarPerm modified mode [ 'lib/executor.js', 420, 438 ]
144 silly gunzTarPerm extractEntry lib/file-list.js
145 silly gunzTarPerm modified mode [ 'lib/file-list.js', 420, 438 ]
146 silly gunzTarPerm extractEntry lib/helper.js
147 silly gunzTarPerm modified mode [ 'lib/helper.js', 420, 438 ]
148 silly gunzTarPerm extractEntry lib/index.js
149 silly gunzTarPerm modified mode [ 'lib/index.js', 420, 438 ]
150 silly gunzTarPerm extractEntry lib/events.js
151 silly gunzTarPerm modified mode [ 'lib/events.js', 420, 438 ]
152 silly gunzTarPerm extractEntry lib/cli.js
153 silly gunzTarPerm modified mode [ 'lib/cli.js', 420, 438 ]
154 silly gunzTarPerm extractEntry lib/watcher.js
155 silly gunzTarPerm modified mode [ 'lib/watcher.js', 420, 438 ]
156 silly gunzTarPerm extractEntry lib/logger.js
157 silly gunzTarPerm modified mode [ 'lib/logger.js', 420, 438 ]
158 silly gunzTarPerm extractEntry lib/server.js
159 silly gunzTarPerm modified mode [ 'lib/server.js', 420, 438 ]
160 silly gunzTarPerm extractEntry lib/plugin.js
161 silly gunzTarPerm modified mode [ 'lib/plugin.js', 420, 438 ]
162 silly gunzTarPerm extractEntry lib/constants.js
163 silly gunzTarPerm modified mode [ 'lib/constants.js', 420, 438 ]
164 silly lockFile 31e1d2ae-lient-node-modules-angular-mocks tar://D:\Training\Todos\MEAN\client\node_modules\angular-mocks
165 silly lockFile 31e1d2ae-lient-node-modules-angular-mocks tar://D:\Training\Todos\MEAN\client\node_modules\angular-mocks
166 silly lockFile ea309868--angular-mocks-1-4-3-package-tgz tar://C:\Users\vmnhat\AppData\Roaming\npm-cache\angular-mocks\1.4.3\package.tgz
167 silly lockFile ea309868--angular-mocks-1-4-3-package-tgz tar://C:\Users\vmnhat\AppData\Roaming\npm-cache\angular-mocks\1.4.3\package.tgz
168 silly gunzTarPerm extractEntry lib/preprocessor.js
169 silly gunzTarPerm modified mode [ 'lib/preprocessor.js', 420, 438 ]
170 silly gunzTarPerm extractEntry lib/config.js
171 silly gunzTarPerm modified mode [ 'lib/config.js', 420, 438 ]
172 info preinstall angular-mocks@1.4.3
173 verbose readDependencies using package.json deps
174 verbose readDependencies using package.json deps
175 silly resolved []
176 verbose about to build D:\Training\Todos\MEAN\client\node_modules\angular-mocks
177 info build D:\Training\Todos\MEAN\client\node_modules\angular-mocks
178 verbose linkStuff [ false,
178 verbose linkStuff   false,
178 verbose linkStuff   false,
178 verbose linkStuff   'D:\\Training\\Todos\\MEAN\\client\\node_modules' ]
179 info linkStuff angular-mocks@1.4.3
180 verbose linkBins angular-mocks@1.4.3
181 verbose linkMans angular-mocks@1.4.3
182 verbose rebuildBundles angular-mocks@1.4.3
183 info install angular-mocks@1.4.3
184 silly gunzTarPerm extractEntry lib/reporter.js
185 silly gunzTarPerm modified mode [ 'lib/reporter.js', 420, 438 ]
186 silly gunzTarPerm extractEntry lib/completion.js
187 silly gunzTarPerm modified mode [ 'lib/completion.js', 420, 438 ]
188 info postinstall angular-mocks@1.4.3
189 silly gunzTarPerm extractEntry lib/runner.js
190 silly gunzTarPerm modified mode [ 'lib/runner.js', 420, 438 ]
191 silly gunzTarPerm extractEntry lib/init.js
192 silly gunzTarPerm modified mode [ 'lib/init.js', 493, 511 ]
193 silly gunzTarPerm extractEntry lib/web-server.js
194 silly gunzTarPerm modified mode [ 'lib/web-server.js', 420, 438 ]
195 silly gunzTarPerm extractEntry lib/launcher.js
196 silly gunzTarPerm modified mode [ 'lib/launcher.js', 420, 438 ]
197 silly gunzTarPerm extractEntry lib/reporters/Base.js
198 silly gunzTarPerm modified mode [ 'lib/reporters/Base.js', 420, 438 ]
199 silly gunzTarPerm extractEntry lib/reporters/BaseColor.js
200 silly gunzTarPerm modified mode [ 'lib/reporters/BaseColor.js', 420, 438 ]
201 silly gunzTarPerm extractEntry lib/reporters/Dots.js
202 silly gunzTarPerm modified mode [ 'lib/reporters/Dots.js', 420, 438 ]
203 silly gunzTarPerm extractEntry lib/reporters/DotsColor.js
204 silly gunzTarPerm modified mode [ 'lib/reporters/DotsColor.js', 420, 438 ]
205 silly gunzTarPerm extractEntry lib/reporters/Multi.js
206 silly gunzTarPerm modified mode [ 'lib/reporters/Multi.js', 420, 438 ]
207 silly gunzTarPerm extractEntry lib/reporters/Progress.js
208 silly gunzTarPerm modified mode [ 'lib/reporters/Progress.js', 420, 438 ]
209 silly gunzTarPerm extractEntry lib/reporters/ProgressColor.js
210 silly gunzTarPerm modified mode [ 'lib/reporters/ProgressColor.js', 420, 438 ]
211 silly gunzTarPerm extractEntry lib/middleware/common.js
212 silly gunzTarPerm modified mode [ 'lib/middleware/common.js', 420, 438 ]
213 silly gunzTarPerm extractEntry lib/middleware/karma.js
214 silly gunzTarPerm modified mode [ 'lib/middleware/karma.js', 420, 438 ]
215 silly gunzTarPerm extractEntry lib/middleware/proxy.js
216 silly gunzTarPerm modified mode [ 'lib/middleware/proxy.js', 420, 438 ]
217 silly gunzTarPerm extractEntry lib/middleware/runner.js
218 silly gunzTarPerm modified mode [ 'lib/middleware/runner.js', 420, 438 ]
219 silly gunzTarPerm extractEntry lib/middleware/source-files.js
220 silly gunzTarPerm modified mode [ 'lib/middleware/source-files.js', 420, 438 ]
221 silly gunzTarPerm extractEntry lib/launchers/Base.js
222 silly gunzTarPerm modified mode [ 'lib/launchers/Base.js', 420, 438 ]
223 silly gunzTarPerm extractEntry config.tpl.coffee
224 silly gunzTarPerm modified mode [ 'config.tpl.coffee', 420, 438 ]
225 silly gunzTarPerm extractEntry package.json.orig
226 silly gunzTarPerm modified mode [ 'package.json.orig', 420, 438 ]
227 silly gunzTarPerm extractEntry static/karma.js
228 silly gunzTarPerm modified mode [ 'static/karma.js', 420, 438 ]
229 silly gunzTarPerm extractEntry static/client.html
230 silly gunzTarPerm modified mode [ 'static/client.html', 420, 438 ]
231 silly gunzTarPerm extractEntry static/context.html
232 silly gunzTarPerm modified mode [ 'static/context.html', 420, 438 ]
233 error Error: ENOENT, lstat 'D:\Training\Todos\MEAN\client\node_modules\karma\lib\config.js'
234 error If you need help, you may report this *entire* log,
234 error including the npm and node versions, at:
234 error     <http://github.com/npm/npm/issues>
235 error System Windows_NT 6.2.9200
236 error command "C:\\Program Files\\nodejs\\\\node.exe" "C:\\Program Files\\nodejs\\node_modules\\npm\\bin\\npm-cli.js" "install"
237 error cwd D:\Training\Todos\MEAN\client
238 error node -v v0.10.36
239 error npm -v 1.4.28
240 error path D:\Training\Todos\MEAN\client\node_modules\karma\lib\config.js
241 error fstream_path D:\Training\Todos\MEAN\client\node_modules\karma\lib\config.js
242 error fstream_type File
243 error fstream_class FileWriter
244 error code ENOENT
245 error errno 34
246 error fstream_stack C:\Program Files\nodejs\node_modules\npm\node_modules\fstream\lib\writer.js:287:26
246 error fstream_stack Object.oncomplete (evalmachine.<anonymous>:108:15)
247 verbose exit [ 34, true ]
